<html>
<head>
<title>TestNG:  Test</title>
<link href="../testng.css" rel="stylesheet" type="text/css" />
<link href="../my-testng.css" rel="stylesheet" type="text/css" />

<style type="text/css">
.log { display: none;} 
.stack-trace { display: none;} 
</style>
<script type="text/javascript">
<!--
function flip(e) {
  current = e.style.display;
  if (current == 'block') {
    e.style.display = 'none';
    return 0;
  }
  else {
    e.style.display = 'block';
    return 1;
  }
}

function toggleBox(szDivId, elem, msg1, msg2)
{
  var res = -1;  if (document.getElementById) {
    res = flip(document.getElementById(szDivId));
  }
  else if (document.all) {
    // this is the way old msie versions work
    res = flip(document.all[szDivId]);
  }
  if(elem) {
    if(res == 0) elem.innerHTML = msg1; else elem.innerHTML = msg2;
  }

}

function toggleAllBoxes() {
  if (document.getElementsByTagName) {
    d = document.getElementsByTagName('div');
    for (i = 0; i < d.length; i++) {
      if (d[i].className == 'log') {
        flip(d[i]);
      }
    }
  }
}

// -->
</script>

</head>
<body>
<h2 align='center'>Test</h2><table border='1' align="center">
<tr>
<td>Tests passed/Failed/Skipped:</td><td>3/1/0</td>
</tr><tr>
<td>Started on:</td><td>Mon Apr 13 13:08:56 IST 2020</td>
</tr>
<tr><td>Total time:</td><td>568 seconds (568426 ms)</td>
</tr><tr>
<td>Included groups:</td><td></td>
</tr><tr>
<td>Excluded groups:</td><td></td>
</tr>
</table><p/>
<small><i>(Hover the method name to see the test class name)</i></small><p/>
<table width='100%' border='1' class='invocation-failed'>
<tr><td colspan='4' align='center'><b>FAILED TESTS</b></td></tr>
<tr><td><b>Test method</b></td>
<td width="30%"><b>Exception</b></td>
<td width="10%"><b>Time (seconds)</b></td>
<td><b>Instance</b></td>
</tr>
<tr>
<td title='com.academicjournalsOup.Testrunner.TestRunnerRegister.login()'><b>login</b><br>Test class: com.academicjournalsOup.Testrunner.TestRunnerRegister<br>Test method: login<br>Parameters: Test Wordpress login scenario</td>
<td><div><pre>cucumber.runtime.CucumberException: org.junit.ComparisonFailure: expected:&lt;...://academic.oup.com/[my-account/register?siteId=5567&amp;returnUrl=%2f]journals&gt; but was:&lt;...://academic.oup.com/[]journals&gt;
	at cucumber.api.testng.TestNGCucumberRunner.runCucumber(TestNGCucumberRunner.java:69)
	at com.academicjournalsOup.Testrunner.TestRunnerRegister.login(TestRunnerRegister.java:43)
	at java.base/java.util.ArrayList.forEach(Unknown Source)
Caused by: org.junit.ComparisonFailure: expected:&lt;...://academic.oup.com/[my-account/register?siteId=5567&amp;returnUrl=%2f]journals&gt; but was:&lt;...://academic.oup.com/[]journals&gt;
	at org.junit.Assert.assertEquals(Assert.java:115)
	at org.junit.Assert.assertEquals(Assert.java:144)
	at com.academicjournalsOup.stepDefinition.RegisterstepDef.user_should_be_able_to_register(RegisterstepDef.java:109)
	at ?.When user should be able to register(TestRegister.feature:8)
... Removed 27 stack frames</pre></div><a href='#' onClick='toggleBox("stack-trace1966372954", this, "Click to show all stack frames", "Click to hide stack frames")'>Click to show all stack frames</a>
<div class='stack-trace' id='stack-trace1966372954'><pre>cucumber.runtime.CucumberException: org.junit.ComparisonFailure: expected:&lt;...://academic.oup.com/[my-account/register?siteId=5567&amp;returnUrl=%2f]journals&gt; but was:&lt;...://academic.oup.com/[]journals&gt;
	at cucumber.api.testng.TestNGCucumberRunner.runCucumber(TestNGCucumberRunner.java:69)
	at com.academicjournalsOup.Testrunner.TestRunnerRegister.login(TestRunnerRegister.java:43)
	at java.base/jdk.internal.reflect.NativeMethodAccessorImpl.invoke0(Native Method)
	at java.base/jdk.internal.reflect.NativeMethodAccessorImpl.invoke(Unknown Source)
	at java.base/jdk.internal.reflect.DelegatingMethodAccessorImpl.invoke(Unknown Source)
	at java.base/java.lang.reflect.Method.invoke(Unknown Source)
	at org.testng.internal.MethodInvocationHelper.invokeMethod(MethodInvocationHelper.java:134)
	at org.testng.internal.TestInvoker.invokeMethod(TestInvoker.java:597)
	at org.testng.internal.TestInvoker.invokeTestMethod(TestInvoker.java:173)
	at org.testng.internal.MethodRunner.runInSequence(MethodRunner.java:46)
	at org.testng.internal.TestInvoker$MethodInvocationAgent.invoke(TestInvoker.java:816)
	at org.testng.internal.TestInvoker.invokeTestMethods(TestInvoker.java:146)
	at org.testng.internal.TestMethodWorker.invokeTestMethods(TestMethodWorker.java:146)
	at org.testng.internal.TestMethodWorker.run(TestMethodWorker.java:128)
	at java.base/java.util.ArrayList.forEach(Unknown Source)
	at org.testng.TestRunner.privateRun(TestRunner.java:766)
	at org.testng.TestRunner.run(TestRunner.java:587)
	at org.testng.SuiteRunner.runTest(SuiteRunner.java:384)
	at org.testng.SuiteRunner.runSequentially(SuiteRunner.java:378)
	at org.testng.SuiteRunner.privateRun(SuiteRunner.java:337)
	at org.testng.SuiteRunner.run(SuiteRunner.java:286)
	at org.testng.SuiteRunnerWorker.runSuite(SuiteRunnerWorker.java:53)
	at org.testng.SuiteRunnerWorker.run(SuiteRunnerWorker.java:96)
	at org.testng.TestNG.runSuitesSequentially(TestNG.java:1187)
	at org.testng.TestNG.runSuitesLocally(TestNG.java:1109)
	at org.testng.TestNG.runSuites(TestNG.java:1039)
	at org.testng.TestNG.run(TestNG.java:1007)
	at org.testng.remote.AbstractRemoteTestNG.run(AbstractRemoteTestNG.java:115)
	at org.testng.remote.RemoteTestNG.initAndRun(RemoteTestNG.java:251)
	at org.testng.remote.RemoteTestNG.main(RemoteTestNG.java:77)
Caused by: org.junit.ComparisonFailure: expected:&lt;...://academic.oup.com/[my-account/register?siteId=5567&amp;returnUrl=%2f]journals&gt; but was:&lt;...://academic.oup.com/[]journals&gt;
	at org.junit.Assert.assertEquals(Assert.java:115)
	at org.junit.Assert.assertEquals(Assert.java:144)
	at com.academicjournalsOup.stepDefinition.RegisterstepDef.user_should_be_able_to_register(RegisterstepDef.java:109)
	at ?.When user should be able to register(TestRegister.feature:8)
</pre></div></td>
<td>108</td>
<td>com.academicjournalsOup.Testrunner.TestRunnerRegister@4a7f959b</td></tr>
</table><p>
<table width='100%' border='1' class='invocation-passed'>
<tr><td colspan='4' align='center'><b>PASSED TESTS</b></td></tr>
<tr><td><b>Test method</b></td>
<td width="30%"><b>Exception</b></td>
<td width="10%"><b>Time (seconds)</b></td>
<td><b>Instance</b></td>
</tr>
<tr>
<td title='com.academicjournalsOup.Testrunner.TestRunnerDropdownOne.dropdown()'><b>dropdown</b><br>Test class: com.academicjournalsOup.Testrunner.TestRunnerDropdownOne<br>Test method: checking dropdown<br>Parameters: test academicjounalsOup Website</td>
<td></td>
<td>180</td>
<td>com.academicjournalsOup.Testrunner.TestRunnerDropdownOne@4d5b6aac</td></tr>
<tr>
<td title='com.academicjournalsOup.Testrunner.TestRunnerDropdownTwo.dropdown()'><b>dropdown</b><br>Test class: com.academicjournalsOup.Testrunner.TestRunnerDropdownTwo<br>Test method: checking dropdown<br>Parameters: test academicjounalsOup Website</td>
<td></td>
<td>220</td>
<td>com.academicjournalsOup.Testrunner.TestRunnerDropdownTwo@3e84448c</td></tr>
<tr>
<td title='com.academicjournalsOup.Testrunner.TestRunnerSignin.signinpage()'><b>signinpage</b><br>Test class: com.academicjournalsOup.Testrunner.TestRunnerSignin<br>Test method: to check Signin<br>Parameters: to test the academy site with data</td>
<td></td>
<td>58</td>
<td>com.academicjournalsOup.Testrunner.TestRunnerSignin@429bffaa</td></tr>
</table><p>
</body>
</html>